<?xml version="1.0" encoding="UTF-8"?>
<testsuite xmlns:xsi="http://www.w3.org/2001/XMLSchema-instance" xsi:noNamespaceSchemaLocation="https://maven.apache.org/surefire/maven-surefire-plugin/xsd/surefire-test-report-3.0.xsd" version="3.0" name="TestSuite" time="0.179" tests="1" errors="0" skipped="0" failures="0">
  <properties>
    <property name="java.specification.version" value="17"/>
    <property name="sun.jnu.encoding" value="UTF-8"/>
    <property name="java.class.path" value="/Users/swapnil/Desktop/SetmoreAutomation/MoonShot/githubActions/target/test-classes:/Users/swapnil/Desktop/SetmoreAutomation/MoonShot/githubActions/target/classes:/Users/swapnil/.m2/repository/org/testng/testng/7.5.1/testng-7.5.1.jar:/Users/swapnil/.m2/repository/com/google/code/findbugs/jsr305/3.0.1/jsr305-3.0.1.jar:/Users/swapnil/.m2/repository/com/beust/jcommander/1.78/jcommander-1.78.jar:/Users/swapnil/.m2/repository/org/webjars/jquery/3.5.1/jquery-3.5.1.jar:"/>
    <property name="java.vm.vendor" value="Oracle Corporation"/>
    <property name="sun.arch.data.model" value="64"/>
    <property name="java.vendor.url" value="https://java.oracle.com/"/>
    <property name="user.timezone" value="Asia/Kolkata"/>
    <property name="os.name" value="Mac OS X"/>
    <property name="java.vm.specification.version" value="17"/>
    <property name="sun.java.launcher" value="SUN_STANDARD"/>
    <property name="user.country" value="GB"/>
    <property name="sun.boot.library.path" value="/Library/Java/JavaVirtualMachines/jdk-17.jdk/Contents/Home/lib"/>
    <property name="sun.java.command" value="/Users/swapnil/Desktop/SetmoreAutomation/MoonShot/githubActions/target/surefire/surefirebooter18219401074801664377.jar /Users/swapnil/Desktop/SetmoreAutomation/MoonShot/githubActions/target/surefire 2024-05-31T13-39-43_804-jvmRun1 surefire9136048231296994060tmp surefire_03561742051288446964tmp"/>
    <property name="http.nonProxyHosts" value="local|*.local|169.254/16|*.169.254/16"/>
    <property name="jdk.debug" value="release"/>
    <property name="surefire.test.class.path" value="/Users/swapnil/Desktop/SetmoreAutomation/MoonShot/githubActions/target/test-classes:/Users/swapnil/Desktop/SetmoreAutomation/MoonShot/githubActions/target/classes:/Users/swapnil/.m2/repository/org/testng/testng/7.5.1/testng-7.5.1.jar:/Users/swapnil/.m2/repository/com/google/code/findbugs/jsr305/3.0.1/jsr305-3.0.1.jar:/Users/swapnil/.m2/repository/com/beust/jcommander/1.78/jcommander-1.78.jar:/Users/swapnil/.m2/repository/org/webjars/jquery/3.5.1/jquery-3.5.1.jar:"/>
    <property name="sun.cpu.endian" value="little"/>
    <property name="user.home" value="/Users/swapnil"/>
    <property name="user.language" value="en"/>
    <property name="java.specification.vendor" value="Oracle Corporation"/>
    <property name="java.version.date" value="2024-01-16"/>
    <property name="java.home" value="/Library/Java/JavaVirtualMachines/jdk-17.jdk/Contents/Home"/>
    <property name="file.separator" value="/"/>
    <property name="basedir" value="/Users/swapnil/Desktop/SetmoreAutomation/MoonShot/githubActions"/>
    <property name="java.vm.compressedOopsMode" value="Zero based"/>
    <property name="line.separator" value="&#10;"/>
    <property name="java.specification.name" value="Java Platform API Specification"/>
    <property name="java.vm.specification.vendor" value="Oracle Corporation"/>
    <property name="surefire.real.class.path" value="/Users/swapnil/Desktop/SetmoreAutomation/MoonShot/githubActions/target/surefire/surefirebooter18219401074801664377.jar"/>
    <property name="sun.management.compiler" value="HotSpot 64-Bit Tiered Compilers"/>
    <property name="ftp.nonProxyHosts" value="local|*.local|169.254/16|*.169.254/16"/>
    <property name="java.runtime.version" value="17.0.10+11-LTS-240"/>
    <property name="user.name" value="swapnil"/>
    <property name="path.separator" value=":"/>
    <property name="os.version" value="14.5"/>
    <property name="java.runtime.name" value="Java(TM) SE Runtime Environment"/>
    <property name="file.encoding" value="UTF-8"/>
    <property name="java.vm.name" value="Java HotSpot(TM) 64-Bit Server VM"/>
    <property name="localRepository" value="/Users/swapnil/.m2/repository"/>
    <property name="java.vendor.url.bug" value="https://bugreport.java.com/bugreport/"/>
    <property name="java.io.tmpdir" value="/var/folders/61/mkz6yyhj719cbncqr8xdgcph0000gp/T/"/>
    <property name="java.version" value="17.0.10"/>
    <property name="user.dir" value="/Users/swapnil/Desktop/SetmoreAutomation/MoonShot/githubActions"/>
    <property name="os.arch" value="aarch64"/>
    <property name="java.vm.specification.name" value="Java Virtual Machine Specification"/>
    <property name="native.encoding" value="UTF-8"/>
    <property name="java.library.path" value="/Users/swapnil/Library/Java/Extensions:/Library/Java/Extensions:/Network/Library/Java/Extensions:/System/Library/Java/Extensions:/usr/lib/java:."/>
    <property name="java.vm.info" value="mixed mode, sharing"/>
    <property name="java.vendor" value="Oracle Corporation"/>
    <property name="java.vm.version" value="17.0.10+11-LTS-240"/>
    <property name="sun.io.unicode.encoding" value="UnicodeBig"/>
    <property name="socksNonProxyHosts" value="local|*.local|169.254/16|*.169.254/16"/>
    <property name="java.class.version" value="61.0"/>
  </properties>
  <testcase name="testing" classname="BaseClass.CommonUtils" time="0.006">
    <system-out><![CDATA[Mogambo
______________________________________________________________________
Current Date :- 2024-05-31
Current Time :- 13:39:44.219766
______________________________________________________________________
]]></system-out>
  </testcase>
</testsuite>