<?xml version="1.0" encoding="UTF-8"?>
<testsuite xmlns:xsi="http://www.w3.org/2001/XMLSchema-instance" xsi:noNamespaceSchemaLocation="https://maven.apache.org/surefire/maven-surefire-plugin/xsd/surefire-test-report-3.0.xsd" version="3.0" name="TestSuite" time="2.443" tests="1" errors="0" skipped="0" failures="0">
  <properties>
    <property name="java.specification.version" value="17"/>
    <property name="sun.jnu.encoding" value="UTF-8"/>
    <property name="java.class.path" value="/Users/swapnil/Desktop/SetmoreAutomation/MoonShot/githubActions/target/test-classes:/Users/swapnil/Desktop/SetmoreAutomation/MoonShot/githubActions/target/classes:/Users/swapnil/.m2/repository/org/testng/testng/7.5.1/testng-7.5.1.jar:/Users/swapnil/.m2/repository/com/google/code/findbugs/jsr305/3.0.1/jsr305-3.0.1.jar:/Users/swapnil/.m2/repository/com/beust/jcommander/1.78/jcommander-1.78.jar:/Users/swapnil/.m2/repository/org/webjars/jquery/3.5.1/jquery-3.5.1.jar:/Users/swapnil/.m2/repository/com/google/api-client/google-api-client/2.0.0/google-api-client-2.0.0.jar:/Users/swapnil/.m2/repository/com/google/oauth-client/google-oauth-client/1.34.1/google-oauth-client-1.34.1.jar:/Users/swapnil/.m2/repository/com/google/http-client/google-http-client-gson/1.42.1/google-http-client-gson-1.42.1.jar:/Users/swapnil/.m2/repository/com/google/code/gson/gson/2.9.0/gson-2.9.0.jar:/Users/swapnil/.m2/repository/com/google/guava/guava/31.1-jre/guava-31.1-jre.jar:/Users/swapnil/.m2/repository/com/google/guava/failureaccess/1.0.1/failureaccess-1.0.1.jar:/Users/swapnil/.m2/repository/com/google/guava/listenablefuture/9999.0-empty-to-avoid-conflict-with-guava/listenablefuture-9999.0-empty-to-avoid-conflict-with-guava.jar:/Users/swapnil/.m2/repository/org/checkerframework/checker-qual/3.12.0/checker-qual-3.12.0.jar:/Users/swapnil/.m2/repository/com/google/errorprone/error_prone_annotations/2.11.0/error_prone_annotations-2.11.0.jar:/Users/swapnil/.m2/repository/com/google/j2objc/j2objc-annotations/1.3/j2objc-annotations-1.3.jar:/Users/swapnil/.m2/repository/com/google/http-client/google-http-client-apache-v2/1.42.1/google-http-client-apache-v2-1.42.1.jar:/Users/swapnil/.m2/repository/org/apache/httpcomponents/httpcore/4.4.15/httpcore-4.4.15.jar:/Users/swapnil/.m2/repository/org/apache/httpcomponents/httpclient/4.5.13/httpclient-4.5.13.jar:/Users/swapnil/.m2/repository/commons-logging/commons-logging/1.2/commons-logging-1.2.jar:/Users/swapnil/.m2/repository/commons-codec/commons-codec/1.11/commons-codec-1.11.jar:/Users/swapnil/.m2/repository/com/google/http-client/google-http-client/1.42.1/google-http-client-1.42.1.jar:/Users/swapnil/.m2/repository/io/opencensus/opencensus-api/0.31.1/opencensus-api-0.31.1.jar:/Users/swapnil/.m2/repository/io/grpc/grpc-context/1.27.2/grpc-context-1.27.2.jar:/Users/swapnil/.m2/repository/io/opencensus/opencensus-contrib-http-util/0.31.1/opencensus-contrib-http-util-0.31.1.jar:/Users/swapnil/.m2/repository/com/google/oauth-client/google-oauth-client-jetty/1.34.1/google-oauth-client-jetty-1.34.1.jar:/Users/swapnil/.m2/repository/com/google/oauth-client/google-oauth-client-java6/1.34.1/google-oauth-client-java6-1.34.1.jar:/Users/swapnil/.m2/repository/com/google/apis/google-api-services-sheets/v4-rev20220927-2.0.0/google-api-services-sheets-v4-rev20220927-2.0.0.jar:"/>
    <property name="java.vm.vendor" value="Oracle Corporation"/>
    <property name="sun.arch.data.model" value="64"/>
    <property name="java.vendor.url" value="https://java.oracle.com/"/>
    <property name="user.timezone" value="Asia/Kolkata"/>
    <property name="os.name" value="Mac OS X"/>
    <property name="java.vm.specification.version" value="17"/>
    <property name="sun.java.launcher" value="SUN_STANDARD"/>
    <property name="user.country" value="GB"/>
    <property name="sun.boot.library.path" value="/Library/Java/JavaVirtualMachines/jdk-17.jdk/Contents/Home/lib"/>
    <property name="sun.java.command" value="/Users/swapnil/Desktop/SetmoreAutomation/MoonShot/githubActions/target/surefire/surefirebooter17927688913613878507.jar /Users/swapnil/Desktop/SetmoreAutomation/MoonShot/githubActions/target/surefire 2024-06-04T10-14-48_324-jvmRun1 surefire11271786750515533844tmp surefire_010371951228087430668tmp"/>
    <property name="http.nonProxyHosts" value="local|*.local|169.254/16|*.169.254/16"/>
    <property name="jdk.debug" value="release"/>
    <property name="surefire.test.class.path" value="/Users/swapnil/Desktop/SetmoreAutomation/MoonShot/githubActions/target/test-classes:/Users/swapnil/Desktop/SetmoreAutomation/MoonShot/githubActions/target/classes:/Users/swapnil/.m2/repository/org/testng/testng/7.5.1/testng-7.5.1.jar:/Users/swapnil/.m2/repository/com/google/code/findbugs/jsr305/3.0.1/jsr305-3.0.1.jar:/Users/swapnil/.m2/repository/com/beust/jcommander/1.78/jcommander-1.78.jar:/Users/swapnil/.m2/repository/org/webjars/jquery/3.5.1/jquery-3.5.1.jar:/Users/swapnil/.m2/repository/com/google/api-client/google-api-client/2.0.0/google-api-client-2.0.0.jar:/Users/swapnil/.m2/repository/com/google/oauth-client/google-oauth-client/1.34.1/google-oauth-client-1.34.1.jar:/Users/swapnil/.m2/repository/com/google/http-client/google-http-client-gson/1.42.1/google-http-client-gson-1.42.1.jar:/Users/swapnil/.m2/repository/com/google/code/gson/gson/2.9.0/gson-2.9.0.jar:/Users/swapnil/.m2/repository/com/google/guava/guava/31.1-jre/guava-31.1-jre.jar:/Users/swapnil/.m2/repository/com/google/guava/failureaccess/1.0.1/failureaccess-1.0.1.jar:/Users/swapnil/.m2/repository/com/google/guava/listenablefuture/9999.0-empty-to-avoid-conflict-with-guava/listenablefuture-9999.0-empty-to-avoid-conflict-with-guava.jar:/Users/swapnil/.m2/repository/org/checkerframework/checker-qual/3.12.0/checker-qual-3.12.0.jar:/Users/swapnil/.m2/repository/com/google/errorprone/error_prone_annotations/2.11.0/error_prone_annotations-2.11.0.jar:/Users/swapnil/.m2/repository/com/google/j2objc/j2objc-annotations/1.3/j2objc-annotations-1.3.jar:/Users/swapnil/.m2/repository/com/google/http-client/google-http-client-apache-v2/1.42.1/google-http-client-apache-v2-1.42.1.jar:/Users/swapnil/.m2/repository/org/apache/httpcomponents/httpcore/4.4.15/httpcore-4.4.15.jar:/Users/swapnil/.m2/repository/org/apache/httpcomponents/httpclient/4.5.13/httpclient-4.5.13.jar:/Users/swapnil/.m2/repository/commons-logging/commons-logging/1.2/commons-logging-1.2.jar:/Users/swapnil/.m2/repository/commons-codec/commons-codec/1.11/commons-codec-1.11.jar:/Users/swapnil/.m2/repository/com/google/http-client/google-http-client/1.42.1/google-http-client-1.42.1.jar:/Users/swapnil/.m2/repository/io/opencensus/opencensus-api/0.31.1/opencensus-api-0.31.1.jar:/Users/swapnil/.m2/repository/io/grpc/grpc-context/1.27.2/grpc-context-1.27.2.jar:/Users/swapnil/.m2/repository/io/opencensus/opencensus-contrib-http-util/0.31.1/opencensus-contrib-http-util-0.31.1.jar:/Users/swapnil/.m2/repository/com/google/oauth-client/google-oauth-client-jetty/1.34.1/google-oauth-client-jetty-1.34.1.jar:/Users/swapnil/.m2/repository/com/google/oauth-client/google-oauth-client-java6/1.34.1/google-oauth-client-java6-1.34.1.jar:/Users/swapnil/.m2/repository/com/google/apis/google-api-services-sheets/v4-rev20220927-2.0.0/google-api-services-sheets-v4-rev20220927-2.0.0.jar:"/>
    <property name="sun.cpu.endian" value="little"/>
    <property name="user.home" value="/Users/swapnil"/>
    <property name="user.language" value="en"/>
    <property name="java.specification.vendor" value="Oracle Corporation"/>
    <property name="java.version.date" value="2024-01-16"/>
    <property name="java.home" value="/Library/Java/JavaVirtualMachines/jdk-17.jdk/Contents/Home"/>
    <property name="file.separator" value="/"/>
    <property name="basedir" value="/Users/swapnil/Desktop/SetmoreAutomation/MoonShot/githubActions"/>
    <property name="java.vm.compressedOopsMode" value="Zero based"/>
    <property name="line.separator" value="&#10;"/>
    <property name="java.specification.name" value="Java Platform API Specification"/>
    <property name="java.vm.specification.vendor" value="Oracle Corporation"/>
    <property name="surefire.real.class.path" value="/Users/swapnil/Desktop/SetmoreAutomation/MoonShot/githubActions/target/surefire/surefirebooter17927688913613878507.jar"/>
    <property name="sun.management.compiler" value="HotSpot 64-Bit Tiered Compilers"/>
    <property name="ftp.nonProxyHosts" value="local|*.local|169.254/16|*.169.254/16"/>
    <property name="java.runtime.version" value="17.0.10+11-LTS-240"/>
    <property name="user.name" value="swapnil"/>
    <property name="path.separator" value=":"/>
    <property name="os.version" value="14.5"/>
    <property name="java.runtime.name" value="Java(TM) SE Runtime Environment"/>
    <property name="file.encoding" value="UTF-8"/>
    <property name="java.vm.name" value="Java HotSpot(TM) 64-Bit Server VM"/>
    <property name="localRepository" value="/Users/swapnil/.m2/repository"/>
    <property name="java.vendor.url.bug" value="https://bugreport.java.com/bugreport/"/>
    <property name="java.io.tmpdir" value="/var/folders/61/mkz6yyhj719cbncqr8xdgcph0000gp/T/"/>
    <property name="java.version" value="17.0.10"/>
    <property name="user.dir" value="/Users/swapnil/Desktop/SetmoreAutomation/MoonShot/githubActions"/>
    <property name="os.arch" value="aarch64"/>
    <property name="java.vm.specification.name" value="Java Virtual Machine Specification"/>
    <property name="native.encoding" value="UTF-8"/>
    <property name="java.library.path" value="/Users/swapnil/Library/Java/Extensions:/Library/Java/Extensions:/Network/Library/Java/Extensions:/System/Library/Java/Extensions:/usr/lib/java:."/>
    <property name="java.vm.info" value="mixed mode, sharing"/>
    <property name="java.vendor" value="Oracle Corporation"/>
    <property name="java.vm.version" value="17.0.10+11-LTS-240"/>
    <property name="sun.io.unicode.encoding" value="UnicodeBig"/>
    <property name="socksNonProxyHosts" value="local|*.local|169.254/16|*.169.254/16"/>
    <property name="java.class.version" value="61.0"/>
  </properties>
  <testcase name="testing" classname="BaseClass.CommonUtils" time="0.001">
    <system-out><![CDATA[_-_-_-_-_-_-_-_-_-_-_-_-_-_-_-_-_-_-_-_-_-_-_-_-_-_-_-_-_-_-_-_-_-_-_-_
Name, Major
automationName=UiAutomator2
platformName=Android
deviceName=ef53733a
deviceModel=ef53733a
bundleId=com.setmorelite.app
appPackage=com.adaptavant.setmore
appActivity=com.anywhere.container.presentation.ui.MainActivity
env=Local
customerCount=6
eventCount=6
appointmentCount=6
_-_-_-_-_-_-_-_-_-_-_-_-_-_-_-_-_-_-_-_-_-_-_-_-_-_-_-_-_-_-_-_-_-_-_-_
Name, Major
app.backIcon=accessibilityid$back icon
app.closeButton=accessibilityid$close
app.backButton=accessibilityid$GO BACK
home.calender=id$com.adaptavant.setmore:id/calendar_navigation
home.services=id$com.adaptavant.setmore:id/easy_share_graph
home.customers=id$com.adaptavant.setmore:id/contact_navigation
home.settings=id$com.adaptavant.setmore:id/more_navigation
login.emailLogin=xpath$//android.widget.TextView[@text='Continue with Email']
login.inputEmail=accessibilityid$email_txt
login.inputPassword=accessibilityid$password_txt
login.logInButton=accessibilityid$login_btn
login.logOutButton=xpath$//android.widget.TextView[@package='com.adaptavant.setmore' and @text='Log out']
login.confirmlogOutButton=id$android:id/button1
login.googleLogin=xpath$//android.widget.TextView[@text='Continue with Google']/..
login.facebookLogin=xpath$//android.widget.TextView[@text='Continue with Facebook']/..
login.googleLoginEmail=xpath$//android.widget.TextView[@text='" + desiredEmailAddress + "']
login.facebookNoneOfTheAboveButton=xpath$//android.widget.Button[@text='NONE OF THE ABOVE']
login.facebookLoginEmail=xpath$//android.view.View[@content-desc="Mobile number or email"]/../following-sibling::android.widget.EditText
login.facebookLoginPassword=xpath$//android.view.View[@content-desc="Password"]/../following-sibling::android.widget.EditText
login.facebookLoginButton=xpath$//android.view.View[@content-desc="Log in"]/..
login.permission=id$com.android.permissioncontroller:id/permission_allow_button
booking.globalPlus=id$com.adaptavant.setmore:id/fab
booking.eventButton=id$com.adaptavant.setmore:id/txt_create_event
booking.startTime=xpath$//android.widget.TextView[@text='Date']/following-sibling::android.widget.TextView[2]
booking.addTitle=xpath$//android.widget.TextView[@text='Add title']/../..
booking.date=xpath$//android.widget.TextView[@text='Date']/following-sibling::android.widget.TextView
booking.endTime=xpath$//android.widget.TextView[@text='Date']/following-sibling::android.widget.TextView[4]
booking.repeat=xpath$//android.widget.TextView[@text='Repeat']/following-sibling::android.widget.TextView
booking.videoLink=xpath$//android.widget.TextView[@text='Teleport Video' or @text='Teleport']/following-sibling::android.widget.TextView
booking.dateEventOverview=xpath$//android.widget.TextView[@text='Teleport Video']/preceding-sibling::android.widget.TextView[2]
booking.timeEventOverview=xpath$//android.widget.TextView[@text='Teleport Video']/preceding-sibling::android.widget.TextView[3]
booking.createButton=xpath$//android.widget.TextView[@text='Create']/following-sibling::android.widget.Button
booking.closeOverviewEvent=xpath$//android.view.View[@content-desc="Header Leading Icon"]
booking.selectCreatedAppointment=xpath$none
booking.backEdit=xpath$(//android.view.View[@content-desc="close"])[1]
booking.editEventButton=xpath$//android.view.View[@content-desc="Header Edit Icon"]
booking.saveButton=xpath$//android.widget.TextView[@text='Save']
booking.threeDotsEventButton=xpath$//android.view.View[@content-desc="Header More Icon"]
booking.deleteEventButton=xpath$//android.widget.TextView[@text='Delete']
booking.confirmDeleteEventButton=xpath$//android.widget.Button[@text='Yes, delete']
booking.editDate=xpath$none
booking.confirmEditEventDateButton=xpath$//android.widget.Button[@text='OK']
booking.notes=xpath$//android.widget.TextView[@text='Notes for the guest']/following-sibling::android.widget.EditText|//android.widget.TextView[@text='Notes']/following-sibling::android.widget.EditText
booking.notesText=xpath$//android.widget.TextView[@text='Notes']/following-sibling::android.widget.EditText
booking.addLabel=xpath$//android.widget.TextView[@text='Add label']
booking.appointmentLabel=xpath$none
booking.addLocation=xpath$//android.widget.TextView[starts-with(@text, 'Add location') or @text='Select location']
booking.addLocationText=xpath$(//android.view.View[@content-desc="location"])[1]/following-sibling::android.widget.TextView[1]
booking.addTeleport=xpath$//android.widget.TextView[@text= 'Teleport']
booking.overviewTitle=xpath$//android.widget.ImageView[@content-desc="Clock Icon"]/preceding-sibling::android.widget.TextView
booking.overviewDate=xpath$//android.widget.ImageView[@content-desc="Clock Icon"]/following-sibling::android.widget.TextView[1]
booking.overviewTime=xpath$//android.widget.ImageView[@content-desc="Clock Icon"]/following-sibling::android.widget.TextView[2]
booking.overviewNotes=xpath$//android.widget.ImageView[@content-desc="Note Icon"]/following-sibling::android.widget.TextView[1]
booking.searchLocation=xpath$(//android.view.View[@content-desc="location"])[1]
service.firstService=xpath$//android.view.ViewGroup[1]/android.widget.TextView[1]
service.serviceEdit=xpath$//android.view.View[@content-desc="Service"]/../following-sibling::android.view.View[1]/child::android.view.View[2]/child::android.view.View[2]/child::android.widget.TextView
service.specificServiceEdit=xpath$//androidx.recyclerview.widget.RecyclerView/android.view.ViewGroup[2]/android.widget.TextView[1]
service.specificCalender=xpath$//android.widget.ImageView[@content-desc='Search Leading Icon']/following-sibling::android.view.View[1]/child::android.view.View[1]/child::android.view.View[1]/child::android.widget.TextView
service.serviceName=xpath$//android.widget.TextView[@text='Service' or @text='Class']/following-sibling ::android.widget.TextView
service.serviceCost=xpath$//android.widget.TextView[@text='Cost']/following-sibling::android.widget.EditText
service.serviceDuration=xpath$//android.widget.TextView[@text='Duration']/following-sibling::android.widget.TextView
service.serviceDate=xpath$//android.widget.TextView[@text='Date']/following-sibling::android.widget.TextView[1]
service.serviceTime=xpath$//android.widget.TextView[@text='Date']/following-sibling::android.widget.TextView[2]
service.serviceGuest=xpath$//android.widget.TextView[@text='Select guest(s)']/../following-sibling::android.view.View[1]/child::android.widget.TextView[2]
service.serviceEditGuest=xpath$//android.widget.TextView[@text='Select guest(s)']
service.serviceLabel=xpath$//android.widget.TextView[@text='Add label']/following-sibling ::android.widget.TextView
service.serviceNameOverView=xpath$//android.widget.TextView[@text='Overview']/following-sibling ::android.widget.ScrollView/child::android.widget.TextView[1]
service.serviceCostOverView=xpath$//android.widget.TextView[@text='Overview']/following-sibling ::android.widget.ScrollView/child::android.widget.TextView[4]
service.serviceDurationOverView=xpath$//android.widget.TextView[@text='Overview']/following-sibling ::android.widget.ScrollView/child::android.widget.TextView[5]
service.serviceDateOverView=xpath$//android.widget.TextView[@text='Overview']/following-sibling ::android.widget.ScrollView/child::android.widget.TextView[6]
service.serviceTimeOverView=xpath$//android.widget.TextView[@text='Overview']/following-sibling ::android.widget.ScrollView/child::android.widget.TextView[7]
service.serviceGuestOverView=xpath$//android.widget.TextView[@text='1 Guest']/following-sibling::android.view.View[1]/android.widget.TextView[2]
service.serviceNotesOverView=xpath$(//android.widget.ImageView[@content-desc="Note Icon"])[1]/following-sibling::android.widget.TextView[1]
service.serviceLabelOverView=xpath$(//android.widget.ImageView[@content-desc="Note Icon"])[1]/following-sibling::android.widget.TextView[2]
customers.addNewCustomer=xpath$//android.widget.TextView[@text='Add new customer']
profile.addManually=id$com.adaptavant.setmore:id/txt_add_manually
profile.fullName=xpath$//android.widget.TextView[@text='Full name']/../..
customers.phoneNumber=xpath$//android.widget.TextView[@text='Phone number']/../..
customers.countryCode=xpath$//android.view.View[@content-desc="Flags"]/../following-sibling::android.widget.TextView[1]
profile.email=xpath$//android.widget.TextView[@text='Email']/../..
customers.companyName=xpath$//android.widget.TextView[@text='Company name']/../..
customers.country=xpath$//android.view.View[@content-desc="ic_country_dropdown"]
customers.countryName=xpath$//android.widget.TextView[@text='Afghanistan']/..
customers.countryText=xpath$//android.widget.TextView[@text='Country']/../..
customers.address=xpath$//android.widget.TextView[@text='Address']/../..
customers.city=xpath$//android.widget.TextView[@text='City']/../..
customers.state=xpath$//android.widget.TextView[@text='State']/../..
customers.stateDropdown=xpath$(//android.view.View[@content-desc="ic_country_dropdown"])[2]
customers.stateName=xpath$//android.widget.TextView[@text='Badakhshan']/..
customers.stateText=xpath$//android.widget.TextView[@text='State']/../..
customers.postalCode=xpath$//android.widget.TextView[@text='Postal code']/../..|//android.widget.TextView[@text='ZIP Code']/../..
customers.create=xpath$//android.widget.TextView[@text="Save"]
customers.searchCustomer=xpath$//android.widget.EditText[@text='Search']/..
app.searchText=xpath$//android.widget.TextView[starts-with(@text, 'Search')]/preceding-sibling::android.widget.EditText|//android.widget.TextView[starts-with(@text, 'Search')]/following-sibling::android.widget.EditText
customers.recentCustomer=id$com.adaptavant.setmore:id/first_and_last_name
customers.searchSelectCustomer=xpath$//android.widget.TextView[@resource-id='com.adaptavant.setmore:id/first_and_last_name']/..
customers.overviewName=xpath$//android.widget.ImageView[@content-desc="profile placeholder"]/preceding-sibling::android.widget.TextView[2]
customers.overviewPhoneNumber=xpath$//android.widget.TextView[@text="Phone"]/following-sibling::android.view.View[1]/child::android.widget.TextView
customers.overviewEmail=xpath$//android.widget.TextView[@text="Email"]/following-sibling::android.view.View[1]/child::android.widget.TextView
customers.overviewAddress=xpath$//android.widget.TextView[@text="Address"]/following-sibling::android.view.View[1]/child::android.widget.TextView
customers.overviewCompanyName=xpath$//android.widget.TextView[@text='Company']/following-sibling::android.widget.TextView[1]
customers.editCustomers=xpath$//android.widget.ImageView[@content-desc="edit icon"]
app.threeDotButton=xpath$//android.view.View[@content-desc="edit delete icon"]
profile.deleteButton=accessibilityid$Delete
profile.yesDeleteButton=id$android:id/button1
customers.confirmDeleteButton=id$android:id/button1
Customers.skip=id$skip
globalPlus.serviceButton=id$com.adaptavant.setmore:id/txt_create_service
globalPlus.eventButton=id$com.adaptavant.setmore:id/txt_create_event
globalPlus.classButton=id$com.adaptavant.setmore:id/txt_create_class
easySharePage.easySharePlusButton=xpath$//android.widget.Button[@text='Add Button']
easySharePage.easyShareService=xpath$//android.view.View[@text='Service']
easySharePage.easyShareClass=xpath$//android.view.View[@text='Class']
easySharePage.title=xpath$//android.widget.EditText[@resource-id='title']
easySharePage.description=xpath$//android.widget.EditText[@resource-id='description']
easySharePage.duration=xpath$//android.widget.EditText[@resource-id='duration']
easySharePage.serviceBuffer=xpath$//android.widget.EditText[@resource-id='buffer.after']
easySharePage.cost=xpath$//android.widget.EditText[@resource-id='price']
easySharePage.classSeat=xpath$//android.widget.EditText[@resource-id='slotSize']
easySharePage.teamMembers=xpath$//android.view.View[@text='Team members*']
easySharePage.memberSelected=xpath$(//android.widget.TextView[@text='Sudhansu'])[2]
easySharePage.confirmButton=id$submit-btn]
easySharePage.createServiceButton=xpath$//android.widget.Button[@text='Create']
easySharePage.threeDotMenu=xpath$(//android.widget.Button[@index='0'])[10]
easySharePage.threeDotForClass=xpath$(//android.widget.Button[@index='0'])[8]
easySharePage.delete=xpath$//android.view.View[@text='Delete']
easySharePage.confirmDelete=xpath$//android.widget.Button[@text='Yes, delete']
easySharePage.preview=id$preview
easySharePage.createdService=xpath$//android.widget.TextView[@text='Test Service 1']
easySharePage.backButton=xpath$//android.widget.Button[@text='Back button']
easySharePage.fabButton=id$com.adaptavant.setmore:id/fab
easySharePage.fabServicesTab=id$com.adaptavant.setmore:id/txt_create_service
easySharePage.fabClassesTab=id$com.adaptavant.setmore:id/txt_create_class
easySharePage.back=id$back
easySharePage.updateButton=xpath$//android.widget.Button[@text='Update']
easySharePage.servicePageBack=xpath$//android.view.View[@content-desc="back"]
cashPayment.payments=xpath$//android.widget.TextView[@resource-id='com.adaptavant.setmore:id/item_title_tv' and @text='Payments']
cashPayment.cashPaymentTab=xpath$//android.widget.TextView[@text='Everything you need to accept payments and run your business.']
cashPayment.activateCashPayment=xpath$//android.widget.TextView[@text='Activate Cash Register']
cashPayment.deactivateCashPaymentToggle=xpath$//android.widget.FrameLayout[@resource-id="com.adaptavant.setmore:id/nav_host_fragment_activity_main"]/androidx.compose.ui.platform.ComposeView/android.view.View/android.view.View[@index = '5']
cashPayment.activatedText=xpath$//android.widget.TextView[@text='Activated']
cashPayment.cashPaymentBackButton=xpath$//android.widget.FrameLayout[@resource-id="com.adaptavant.setmore:id/nav_host_fragment_activity_main"]/androidx.compose.ui.platform.ComposeView/android.view.View/android.view.View[1]
cashPayment.paymentBackButton=xpath$//android.widget.FrameLayout[@resource-id="com.adaptavant.setmore:id/nav_host_fragment_activity_main"]/androidx.compose.ui.platform.ComposeView/android.view.View/android.view.View[1]
cashPayment.appointmentPaymentButton=xpath$//android.widget.TextView[@text="Payments"]
cashPayment.paymentActivatedHeadline=xpath$//android.widget.TextView[@text="Payments"]/../following-sibling::android.widget.TextView
cashPayment.takePaymentButton=xpath$//android.widget.TextView[@text="Payments"]/../following-sibling::android.view.View/child::android.widget.TextView
cashPayment.paymentDeactivatedHeadline=xpath$//android.widget.ImageView[@content-desc="back"]/following-sibling::android.widget.TextView[2]
cashPayment.paymentDeactivatedText=xpath$//android.widget.ImageView[@content-desc="back"]/following-sibling::android.widget.TextView[3]
cashPayment.paymentDeactivatedButton=xpath$//android.widget.ImageView[@content-desc="back"]/following-sibling::android.view.View/child::android.widget.TextView
cashPayment.appointmentPaymentBack=xpath$//android.widget.ImageView[@content-desc="back"]
hamburgerMenu.menuIcon=id$com.adaptavant.setmore:id/menu
hamburgerMenu.brandLogo=id$com.adaptavant.setmore:id/brand_logo
hamburgerMenu.premiumLogo=id$com.adaptavant.setmore:id/premium_indicator
hamburgerMenu.agendaView=id$com.adaptavant.setmore:id/schedule_view
hamburgerMenu.singleDayView=id$com.adaptavant.setmore:id/single_day_view
hamburgerMenu.3DayView=id$com.adaptavant.setmore:id/three_day_view
hamburgerMenu.myProfile=id$com.adaptavant.setmore:id/my_calendar
hamburgerMenu.googleCalendar=id$com.adaptavant.setmore:id/my_calendar_google
hamburgerMenu.allSchedules=id$com.adaptavant.setmore:id/all_staff
hamburgerMenu.addExternalCalendar=id$com.adaptavant.setmore:id/add_calendar
hamburgerMenu.teamCalendar=id$com.adaptavant.setmore:id/team_layout
premiumPage.planName=id$com.adaptavant.setmore:id/planName
premiumPage.close=id$com.adaptavant.setmore:id/close
calendar.myProfile=xpath$(//android.widget.TextView[@text='SA'])[2]
calendar.allStaffView=xpath$//android.widget.TextView[@text='ALL']
calendar.dayView=id$com.adaptavant.setmore:id/dayview
calendar.smallPlusButton=id$com.adaptavant.setmore:id/btnScheduleHeaderAddEvent
activity.activityButton=xpath$//android.widget.TextView[@text='Activity']
externalCalendartab.close=xpath$//android.view.View[@content-desc="close"]
externalCalendartab.connectExternalCalendar=xpath$//android.widget.TextView[@text='Connect']
calendar.fab=xpath$//android.widget.ImageView[@resource-id='com.adaptavant.setmore:id/app_widget_add_more_button']|//android.widget.ImageButton[@resource-id='com.adaptavant.setmore:id/fab']
bottomNavigation.settings=xpath$//android.widget.FrameLayout[@content-desc="Settings"]/android.view.ViewGroup/android.widget.TextView
bottomNavigation.calendar=xpath$//android.widget.FrameLayout[@content-desc="Calendar"]/android.widget.FrameLayout/android.widget.ImageView
settings.myProfile=id$com.adaptavant.setmore:id/username
settings.myTeam=xpath$//android.widget.TextView[@text='Your team']
settings.general=xpath$//android.widget.TextView[@text='General']
settings.bookingPage=xpath$//android.widget.TextView[@text='Booking Page']
settings.Payments=xpath$//android.widget.TextView[@text='Payments']
settings.billing=xpath$//android.widget.TextView[@text='Billing']
settings.reviews=xpath$//android.widget.TextView[@text='Reviews']
settings.integrations=xpath$//android.widget.TextView[@text='Integrations']
settings.activity=xpath$//android.widget.TextView[@text='Activity']
myTeam.totalStaff=id$com.adaptavant.setmore:id/first_and_last_name
myTeam.addNewTeamMember=xpath$//android.widget.TextView[@text='Add new team member']
myTeam.backIcon=xpath$//android.view.View[@content-desc="back icon"]
staffProfile.profilePicture=exmaple$exmaple
staffProfile.name=exmaple$exmaple
staffProfile.email=xpath$//android.widget.TextView[@text='Email']/../..
staffProfile.permission=xpath$//android.widget.TextView[@text='Permission']/../..
staffProfile.hours=xpath$//android.widget.TextView[@text='Hours']/../..
staffProfile.bookingUrl=xpath$//android.widget.TextView[@text='Booking']/../..
staffProfile.calendar=xpath$//android.widget.TextView[@text='Calendar']
staffProfile.services=xpath$//android.widget.TextView[@text='Services']
staffProfile.timeOff=xpath$//android.widget.TextView[@text='Time off']
staffProfile.updates=xpath$//android.widget.TextView[@text='Updates']
staffProfile.updatePassword=xpath$//android.widget.TextView[@text='Update your password']
staffProfile.editButton=exmaple$exmaple
staffProfile.backButton=accessibilityid$back
staffProfile.staffAccess=xpath$//android.widget.TextView[@text='Permission level']
staffProfile.name=xpath$//android.widget.ImageView[@content-desc="edit icon"]/preceding-sibling::android.widget.TextView[2]
staffProfile.overviewEmail=xpath$//android.widget.TextView[@text="Email"]/following-sibling::android.view.View[1]/child::android.widget.TextView
staffProfile.overviewPermission=xpath$//android.widget.TextView[@text="Email"]/following-sibling::android.view.View[2]/child::android.widget.TextView
staffProfile.add=xpath$//android.widget.TextView[@text='Add']
billing.Tab=xpath$//android.widget.TextView[@text='Billing']
billing.Upgrade=xpath$//android.widget.TextView[@text='Upgrade']
billing.restorePurchase=xpath$//android.widget.TextView[@text='Restore purchase']
billing.2_4_Userplan=xpath$//android.widget.HorizontalScrollView/android.widget.LinearLayout/android.widget.LinearLayout[2]/android.widget.TextView
billing.1Userplan=xpath$//android.widget.HorizontalScrollView/android.widget.LinearLayout/android.widget.LinearLayout[1]/android.widget.TextView
billing.5_6_Userplan=xpath$//android.widget.HorizontalScrollView/android.widget.LinearLayout/android.widget.LinearLayout[3]/android.widget.TextView
billing_annualPlan=xpath$//android.widget.TextView[@text='Annual Plan']
billing.monthlyPlan=xpath$//android.widget.TextView[@text='Monthly Plan']
billing.subscribe=xpath$//android.widget.Button[@text='Subscribe']
billing.manage=xpath$//android.widget.TextView[@text='Manage Subscription']
billing.continue=xpath$//android.widget.Button[@text='Continue']
billing.continueCancel=accessibilityid$Continue
billing.staffManage=xpath$//android.widget.TextView[@text='Who will you keep on Premium?']
billing.continueDowngrade=xpath$(//android.widget.Button)[2]
billing.playStoreSubscription=xpath$//android.widget.TextView[@text='Test: Setmore appointment scheduling']
billing.purchasedPlan=xpath$//android.widget.TextView[@text='Billing']/following-sibling::android.view.View[1]/child::android.widget.TextView
billing.managePlanName=xpath$//android.view.View/child::android.widget.TextView/following-sibling::android.view.View/child::android.widget.TextView[2]
billing.cancelSubscription=accessibilityid$Cancel subscription
billing.cancelReason=accessibilityid$Decline to answer
billing.confirmCancelSubscription=accessibilityid$Cancel subscription
billing.canceledText=xpath$//android.widget.TextView[@text='Canceled']
billing.monthlyPlanPrice=id$com.adaptavant.setmore:id/monthly_pricing
billing.annualPlanPrice=id$com.adaptavant.setmore:id/annual_pricing
billing.activePlan=xpath$//android.widget.TextView[@text='Active']
BottomNavBar.settings=xpath$//android.widget.TextView[@text='Settings']
BottomNavBar.calendar=xpath$//android.widget.TextView[@text='Calendar']
BottomNavBar.services=xpath$//android.widget.TextView[@text='Services']
BottomNavBar.customers=xpath$//android.widget.TextView[@text='Customers']
staffProfile.youName=xpath$//android.widget.TextView[@text='You']
TimeOff.backButton=xpath$//android.view.View[@content-desc="back"]
reviews.Tab=xpath$//android.widget.TextView[@text='Reviews']
reviews.Toggle=xpath$//android.widget.ToggleButton[@text='Toggle Button']
reviews.dropDown=xpath$//android.widget.Button
reviews.dropDownOptions=xpath$//android.widget.TextView[@text='Reviews']/following-sibling::android.view.View[1]/child::android.view.View/child::android.widget.ListView/child::android.view.View
reviews.reviewStatus=xpath$//android.widget.Button/../following-sibling::android.view.View/child::android.widget.TextView[1]
reviews.currentDropDown=xpath$//android.widget.Button
settings.calendarPreference=xpath$//android.widget.TextView[@text='Calendar preferences']
calendarPreference.header=xpath$//android.widget.TextView[@text='Calendar preferences']
calendarPreference.offHours=xpath$--
calendarPreference.doubleBooking=xpath$--
calendarPreference.incomeStats=xpath$--
calendarPreference.activity=xpath$--
general.widget=xpath$//android.widget.TextView[@text='Widget settings']
general.passcode=xpath$//android.widget.TextView[@text='Passcode']
general.language=xpath$//android.widget.TextView[@text='Language']
language.english=xpath$//android.widget.TextView[@text='English']
language.spanish=xpath$//android.widget.TextView[@text='Spanish']
language.portuguese=xpath$//android.widget.TextView[@text='Portuguese']
language.changeConfirm=xpath$//android.widget.TextView[@text='Yes, change']
spanish.bottomNavCalendar=xpath$//android.widget.TextView[@text='Calendario']
spanish.bottomNavCustomer=xpath$//android.widget.TextView[@text='Clientes']
spanish.bottomNavService=xpath$//android.widget.TextView[@text='Servicios']
spanish.bottomNavSettings=xpath$//android.widget.TextView[@text='Configuración']
spanish.general=xpath$//android.widget.TextView[@text='General']
spanish.generalLanguage=xpath$//android.widget.TextView[@text='Idioma']
portuguese.bottomNavCalendar=xpath$//android.widget.TextView[@text='Calendário']
portuguese.bottomNavCustomer=xpath$//android.widget.TextView[@text='Clientes']
portuguese.bottomNacService=xpath$//android.widget.TextView[@text='Serviços']
portuguese.bottomNavSettings=xpath$//android.widget.TextView[@text='Definições']
portuguese.general=xpath$//android.widget.TextView[@text='Geral']
portuguese.generalLanguage=xpath$//android.widget.TextView[@text='Idioma']
spanish.selectLanguageEnglish=xpath$//android.widget.TextView[@text='Inglés']
spanish.selectLanguageSpanish=xpath$//android.widget.TextView[@text='Español']
spanish.selectLanguagePortuguese=xpath$//android.widget.TextView[@text='Portugués']
spanish.selectLanguageConfirm=xpath$//android.widget.TextView[@text='Sí, cambiar']
portuguese.selectLanguageEnglish=xpath$//android.widget.TextView[@text='Inglês']
portuguese.selectLanguageSpanish=xpath$//android.widget.TextView[@text='Espanhol']
portuguese.selectLanguagePortuguese=xpath$//android.widget.TextView[@text='Português']
portuguese.selectLanguageConfirm=xpath$//android.widget.TextView[@text='Sim, alterar']
customer.randomCustomerSelect=id$com.adaptavant.setmore:id/first_and_last_name
customer.profileOverviewDeleteIcon=xpath$//android.view.View[@content-desc="edit delete icon"]
customer.backToAllCustomers=xpath$//android.view.View[@content-desc='GO BACK']
TimeOff.backButton=xpath$--
timeOff.addNewButton=xpath$--
addTimeOff.createButton=xpath$--
addTimeOff.inputTitle=xpath$--
addTimeOff.errorToastForEmptyTitle=xpath$--
addTimeOff.AllDayCheckBox=xpath$--
EditTimeOff.startDate=xpath$--
EditTimeOff.endDate=xpath$--
EditTimeOff.startDateTime=xpath$--
EditTimeOff.endDateTime=xpath$--
EditTimeOff.repeat=xpath$--
EditTimeOff.repeatValue=xpath$--
EditTimeOff.StartDatePickerDate=xpath$--
EditTimeOff.StartDatePickerMonth=xpath$--
EditTimeOff.StartDatePickerYear=xpath$--
EditTimeOff.EndDatePickerDate=xpath$--
EditTimeOff.EndDatePickerMonth=xpath$--
EditTimeOff.EndDatePickerYear=xpath$--
EditTimeOff.EndTimeHour=xpath$--
EditTimeOff.threeDotsEventButton=xpath$--
EditTimeOff.PopupDeleteButton=xpath$--
EditTimeOff.confirmDeleteButton=xpath$--
Widget.WidgetPlusButton=id$com.adaptavant.setmore:id/app_widget_add_more_button
Widget.WidgetSettings=xpath$//android.widget.TextView[@text='Widget settings']
Widget.WidgetAppointmentToggle=xpath$//android.widget.TextView[@text='Appointments']/following-sibling::android.view.View
Widget.WidgetClassSessionToggle=xpath$//android.widget.TextView[@text='Class Sessions']/following-sibling::android.view.View
Widget.WidgetEventsToggle=xpath$//android.widget.TextView[@text='Events']/following-sibling::android.view.View
Widget.WidgetTimeOffToggle=xpath$//android.widget.TextView[@text='Time Off']/following-sibling::android.view.View
Widget.WidgetOutLookEventsToggle=xpath$//android.widget.TextView[@text='Office / Outlook Events']/following-sibling::android.view.View
Widget.WidgetGoogleEventsToggle=xpath$//android.widget.TextView[@text='Google Events']/following-sibling::android.view.View
_-_-_-_-_-_-_-_-_-_-_-_-_-_-_-_-_-_-_-_-_-_-_-_-_-_-_-_-_-_-_-_-_-_-_-_
Name, Major
username=akilah@setmore.com
password=akilah@setmore.com2000
RegressionUsername=rn@gmail.com
RegressionPassword=setmore23
hippa_username=dr.prashanth@mailinator.com
hippa_password=setmore23
owner_username=mailinator9@mailinator.com
owner_password=Nisar@123
receptionist_username=mailinator11@mailinator.com
receptionist_password=Nisar@123
staff_username=mailinator10@mailinator.com
staff_password=Nisar@123
answering_services_username=saogkgk@mailinator.com
answering_services_password=Setmore23
unRegisteredUsername=sudhansu0000@setmore.com
unRegisteredPassword=demo@1234
incorrectUserName=sudhansu8899@setmore.com
validPassword=demo@1234
validUsername=sudhansu8899@setmore.co
incorrectPassword=Tesr@1234
invalidEmail=sudhansu@setmore
scheduling_Addon_username=mailinator21@mailinator.com
scheduling_Addon_Password=Nisar@123
_-_-_-_-_-_-_-_-_-_-_-_-_-_-_-_-_-_-_-_-_-_-_-_-_-_-_-_-_-_-_-_-_-_-_-_
Mogambo
______________________________________________________________________
Current Date :- 2024-06-04
Current Time :- 10:14:50.975577
______________________________________________________________________
]]></system-out>
  </testcase>
</testsuite>