<?xml version="1.0" encoding="UTF-8"?>
<!-- Generated by org.testng.reporters.JUnitReportReporter -->
<testsuite hostname="Swapnils-Macbook-Pro.local" failures="0" tests="1" name="BaseClass.CommonUtils" time="0.001" errors="0" timestamp="2024-06-04T10:14:51 IST" skipped="0">
  <testcase classname="BaseClass.CommonUtils" name="testing" time="0.001"/>
  <system-out/>
</testsuite> <!-- BaseClass.CommonUtils -->
