<?xml version="1.0" encoding="UTF-8"?>
<!-- Generated by org.testng.reporters.JUnitReportReporter -->
<testsuite hostname="Swapnils-Macbook-Pro.local" failures="0" tests="1" name="BaseClass.CommonUtils" time="0.005" errors="0" timestamp="2024-05-31T13:34:01 IST" skipped="0">
  <testcase classname="BaseClass.CommonUtils" name="testing" time="0.005"/>
  <system-out/>
</testsuite> <!-- BaseClass.CommonUtils -->
